<?xml version="1.0" encoding="UTF-8"?>
<testsuite xmlns:xsi="http://www.w3.org/2001/XMLSchema-instance" xsi:noNamespaceSchemaLocation="https://maven.apache.org/surefire/maven-surefire-plugin/xsd/surefire-test-report-3.0.xsd" version="3.0" name="tests.HomePageTest" time="60.794" tests="1" errors="0" skipped="0" failures="0">
  <properties>
    <property name="sun.desktop" value="gnome"/>
    <property name="awt.toolkit" value="sun.awt.X11.XToolkit"/>
    <property name="java.specification.version" value="11"/>
    <property name="browser.type" value="local"/>
    <property name="webdriver.chrome.driver" value="/home/darek/IdeaProjects/jobseeker/src/main/resources/drivers/chrome/chromedriver"/>
    <property name="sun.cpu.isalist" value=""/>
    <property name="sun.jnu.encoding" value="UTF-8"/>
    <property name="java.class.path" value="/home/darek/IdeaProjects/jobseeker/target/test-classes:/home/darek/IdeaProjects/jobseeker/target/classes:/home/darek/.m2/repository/com/github/metalloid-project/metalloid-core/2.0.0.1/metalloid-core-2.0.0.1.jar:/home/darek/.m2/repository/com/github/metalloid-project/metalloid-expected-conditions/2.0.0/metalloid-expected-conditions-2.0.0.jar:/home/darek/.m2/repository/com/github/metalloid-project/metalloid-utils/2.0.0/metalloid-utils-2.0.0.jar:/home/darek/.m2/repository/com/github/metalloid-project/metalloid-page-factory/2.0.0/metalloid-page-factory-2.0.0.jar:/home/darek/.m2/repository/com/github/metalloid-project/debug/1.0.7/debug-1.0.7.jar:/home/darek/.m2/repository/com/github/metalloid-project/metalloid-webdriver-pool/2.0.0.1/metalloid-webdriver-pool-2.0.0.1.jar:/home/darek/.m2/repository/org/seleniumhq/selenium/selenium-java/3.141.59/selenium-java-3.141.59.jar:/home/darek/.m2/repository/org/seleniumhq/selenium/selenium-api/3.141.59/selenium-api-3.141.59.jar:/home/darek/.m2/repository/org/seleniumhq/selenium/selenium-chrome-driver/3.141.59/selenium-chrome-driver-3.141.59.jar:/home/darek/.m2/repository/org/seleniumhq/selenium/selenium-edge-driver/3.141.59/selenium-edge-driver-3.141.59.jar:/home/darek/.m2/repository/org/seleniumhq/selenium/selenium-firefox-driver/3.141.59/selenium-firefox-driver-3.141.59.jar:/home/darek/.m2/repository/org/seleniumhq/selenium/selenium-ie-driver/3.141.59/selenium-ie-driver-3.141.59.jar:/home/darek/.m2/repository/org/seleniumhq/selenium/selenium-opera-driver/3.141.59/selenium-opera-driver-3.141.59.jar:/home/darek/.m2/repository/org/seleniumhq/selenium/selenium-remote-driver/3.141.59/selenium-remote-driver-3.141.59.jar:/home/darek/.m2/repository/org/seleniumhq/selenium/selenium-safari-driver/3.141.59/selenium-safari-driver-3.141.59.jar:/home/darek/.m2/repository/org/seleniumhq/selenium/selenium-support/3.141.59/selenium-support-3.141.59.jar:/home/darek/.m2/repository/net/bytebuddy/byte-buddy/1.8.15/byte-buddy-1.8.15.jar:/home/darek/.m2/repository/org/apache/commons/commons-exec/1.3/commons-exec-1.3.jar:/home/darek/.m2/repository/com/google/guava/guava/25.0-jre/guava-25.0-jre.jar:/home/darek/.m2/repository/com/google/code/findbugs/jsr305/1.3.9/jsr305-1.3.9.jar:/home/darek/.m2/repository/org/checkerframework/checker-compat-qual/2.0.0/checker-compat-qual-2.0.0.jar:/home/darek/.m2/repository/com/google/errorprone/error_prone_annotations/2.1.3/error_prone_annotations-2.1.3.jar:/home/darek/.m2/repository/com/google/j2objc/j2objc-annotations/1.1/j2objc-annotations-1.1.jar:/home/darek/.m2/repository/org/codehaus/mojo/animal-sniffer-annotations/1.14/animal-sniffer-annotations-1.14.jar:/home/darek/.m2/repository/com/squareup/okhttp3/okhttp/3.11.0/okhttp-3.11.0.jar:/home/darek/.m2/repository/com/squareup/okio/okio/1.14.0/okio-1.14.0.jar:/home/darek/.m2/repository/com/sun/mail/javax.mail/1.6.2/javax.mail-1.6.2.jar:/home/darek/.m2/repository/javax/activation/activation/1.1/activation-1.1.jar:/home/darek/.m2/repository/org/apache/logging/log4j/log4j-core/2.11.2/log4j-core-2.11.2.jar:/home/darek/.m2/repository/org/apache/logging/log4j/log4j-api/2.11.2/log4j-api-2.11.2.jar:/home/darek/.m2/repository/com/aventstack/extentreports/4.0.0/extentreports-4.0.0.jar:/home/darek/.m2/repository/org/freemarker/freemarker/2.3.23/freemarker-2.3.23.jar:/home/darek/.m2/repository/org/mongodb/mongodb-driver/3.3.0/mongodb-driver-3.3.0.jar:/home/darek/.m2/repository/org/mongodb/mongodb-driver-core/3.3.0/mongodb-driver-core-3.3.0.jar:/home/darek/.m2/repository/org/mongodb/bson/3.3.0/bson-3.3.0.jar:/home/darek/.m2/repository/org/apache/httpcomponents/httpclient/4.5.2/httpclient-4.5.2.jar:/home/darek/.m2/repository/org/apache/httpcomponents/httpcore/4.4.4/httpcore-4.4.4.jar:/home/darek/.m2/repository/commons-logging/commons-logging/1.2/commons-logging-1.2.jar:/home/darek/.m2/repository/commons-codec/commons-codec/1.9/commons-codec-1.9.jar:/home/darek/.m2/repository/org/apache/httpcomponents/httpmime/4.5.2/httpmime-4.5.2.jar:/home/darek/.m2/repository/com/google/code/gson/gson/2.8.5/gson-2.8.5.jar:/home/darek/.m2/repository/junit/junit/4.13-beta-3/junit-4.13-beta-3.jar:/home/darek/.m2/repository/org/hamcrest/hamcrest-core/1.3/hamcrest-core-1.3.jar:/home/darek/.m2/repository/commons-io/commons-io/2.6/commons-io-2.6.jar:"/>
    <property name="java.vm.vendor" value="Ubuntu"/>
    <property name="sun.arch.data.model" value="64"/>
    <property name="password" value="DaroTm1986`"/>
    <property name="java.vendor.url" value="https://ubuntu.com/"/>
    <property name="user.timezone" value="Europe/Warsaw"/>
    <property name="java.vm.specification.version" value="11"/>
    <property name="os.name" value="Linux"/>
    <property name="sun.java.launcher" value="SUN_STANDARD"/>
    <property name="user.country" value="US"/>
    <property name="sun.boot.library.path" value="/usr/lib/jvm/java-11-openjdk-amd64/lib"/>
    <property name="sun.java.command" value="/home/darek/IdeaProjects/jobseeker/target/surefire/surefirebooter15694286912550451120.jar /home/darek/IdeaProjects/jobseeker/target/surefire 2020-04-06T20-43-13_226-jvmRun1 surefire7666641701167557578tmp surefire_0175646122608598412tmp"/>
    <property name="jdk.debug" value="release"/>
    <property name="surefire.test.class.path" value="/home/darek/IdeaProjects/jobseeker/target/test-classes:/home/darek/IdeaProjects/jobseeker/target/classes:/home/darek/.m2/repository/com/github/metalloid-project/metalloid-core/2.0.0.1/metalloid-core-2.0.0.1.jar:/home/darek/.m2/repository/com/github/metalloid-project/metalloid-expected-conditions/2.0.0/metalloid-expected-conditions-2.0.0.jar:/home/darek/.m2/repository/com/github/metalloid-project/metalloid-utils/2.0.0/metalloid-utils-2.0.0.jar:/home/darek/.m2/repository/com/github/metalloid-project/metalloid-page-factory/2.0.0/metalloid-page-factory-2.0.0.jar:/home/darek/.m2/repository/com/github/metalloid-project/debug/1.0.7/debug-1.0.7.jar:/home/darek/.m2/repository/com/github/metalloid-project/metalloid-webdriver-pool/2.0.0.1/metalloid-webdriver-pool-2.0.0.1.jar:/home/darek/.m2/repository/org/seleniumhq/selenium/selenium-java/3.141.59/selenium-java-3.141.59.jar:/home/darek/.m2/repository/org/seleniumhq/selenium/selenium-api/3.141.59/selenium-api-3.141.59.jar:/home/darek/.m2/repository/org/seleniumhq/selenium/selenium-chrome-driver/3.141.59/selenium-chrome-driver-3.141.59.jar:/home/darek/.m2/repository/org/seleniumhq/selenium/selenium-edge-driver/3.141.59/selenium-edge-driver-3.141.59.jar:/home/darek/.m2/repository/org/seleniumhq/selenium/selenium-firefox-driver/3.141.59/selenium-firefox-driver-3.141.59.jar:/home/darek/.m2/repository/org/seleniumhq/selenium/selenium-ie-driver/3.141.59/selenium-ie-driver-3.141.59.jar:/home/darek/.m2/repository/org/seleniumhq/selenium/selenium-opera-driver/3.141.59/selenium-opera-driver-3.141.59.jar:/home/darek/.m2/repository/org/seleniumhq/selenium/selenium-remote-driver/3.141.59/selenium-remote-driver-3.141.59.jar:/home/darek/.m2/repository/org/seleniumhq/selenium/selenium-safari-driver/3.141.59/selenium-safari-driver-3.141.59.jar:/home/darek/.m2/repository/org/seleniumhq/selenium/selenium-support/3.141.59/selenium-support-3.141.59.jar:/home/darek/.m2/repository/net/bytebuddy/byte-buddy/1.8.15/byte-buddy-1.8.15.jar:/home/darek/.m2/repository/org/apache/commons/commons-exec/1.3/commons-exec-1.3.jar:/home/darek/.m2/repository/com/google/guava/guava/25.0-jre/guava-25.0-jre.jar:/home/darek/.m2/repository/com/google/code/findbugs/jsr305/1.3.9/jsr305-1.3.9.jar:/home/darek/.m2/repository/org/checkerframework/checker-compat-qual/2.0.0/checker-compat-qual-2.0.0.jar:/home/darek/.m2/repository/com/google/errorprone/error_prone_annotations/2.1.3/error_prone_annotations-2.1.3.jar:/home/darek/.m2/repository/com/google/j2objc/j2objc-annotations/1.1/j2objc-annotations-1.1.jar:/home/darek/.m2/repository/org/codehaus/mojo/animal-sniffer-annotations/1.14/animal-sniffer-annotations-1.14.jar:/home/darek/.m2/repository/com/squareup/okhttp3/okhttp/3.11.0/okhttp-3.11.0.jar:/home/darek/.m2/repository/com/squareup/okio/okio/1.14.0/okio-1.14.0.jar:/home/darek/.m2/repository/com/sun/mail/javax.mail/1.6.2/javax.mail-1.6.2.jar:/home/darek/.m2/repository/javax/activation/activation/1.1/activation-1.1.jar:/home/darek/.m2/repository/org/apache/logging/log4j/log4j-core/2.11.2/log4j-core-2.11.2.jar:/home/darek/.m2/repository/org/apache/logging/log4j/log4j-api/2.11.2/log4j-api-2.11.2.jar:/home/darek/.m2/repository/com/aventstack/extentreports/4.0.0/extentreports-4.0.0.jar:/home/darek/.m2/repository/org/freemarker/freemarker/2.3.23/freemarker-2.3.23.jar:/home/darek/.m2/repository/org/mongodb/mongodb-driver/3.3.0/mongodb-driver-3.3.0.jar:/home/darek/.m2/repository/org/mongodb/mongodb-driver-core/3.3.0/mongodb-driver-core-3.3.0.jar:/home/darek/.m2/repository/org/mongodb/bson/3.3.0/bson-3.3.0.jar:/home/darek/.m2/repository/org/apache/httpcomponents/httpclient/4.5.2/httpclient-4.5.2.jar:/home/darek/.m2/repository/org/apache/httpcomponents/httpcore/4.4.4/httpcore-4.4.4.jar:/home/darek/.m2/repository/commons-logging/commons-logging/1.2/commons-logging-1.2.jar:/home/darek/.m2/repository/commons-codec/commons-codec/1.9/commons-codec-1.9.jar:/home/darek/.m2/repository/org/apache/httpcomponents/httpmime/4.5.2/httpmime-4.5.2.jar:/home/darek/.m2/repository/com/google/code/gson/gson/2.8.5/gson-2.8.5.jar:/home/darek/.m2/repository/junit/junit/4.13-beta-3/junit-4.13-beta-3.jar:/home/darek/.m2/repository/org/hamcrest/hamcrest-core/1.3/hamcrest-core-1.3.jar:/home/darek/.m2/repository/commons-io/commons-io/2.6/commons-io-2.6.jar:"/>
    <property name="sun.cpu.endian" value="little"/>
    <property name="user.home" value="/home/darek"/>
    <property name="user.language" value="en"/>
    <property name="java.specification.vendor" value="Oracle Corporation"/>
    <property name="java.version.date" value="2020-01-14"/>
    <property name="java.home" value="/usr/lib/jvm/java-11-openjdk-amd64"/>
    <property name="file.separator" value="/"/>
    <property name="basedir" value="/home/darek/IdeaProjects/jobseeker"/>
    <property name="java.vm.compressedOopsMode" value="32-bit"/>
    <property name="close.session.by.default" value="true"/>
    <property name="line.separator" value="&#10;"/>
    <property name="java.specification.name" value="Java Platform API Specification"/>
    <property name="java.vm.specification.vendor" value="Oracle Corporation"/>
    <property name="java.awt.graphicsenv" value="sun.awt.X11GraphicsEnvironment"/>
    <property name="surefire.real.class.path" value="/home/darek/IdeaProjects/jobseeker/target/surefire/surefirebooter15694286912550451120.jar"/>
    <property name="sun.management.compiler" value="HotSpot 64-Bit Tiered Compilers"/>
    <property name="java.runtime.version" value="11.0.6+10-post-Ubuntu-1ubuntu118.04.1"/>
    <property name="user.name" value="darek"/>
    <property name="path.separator" value=":"/>
    <property name="os.version" value="5.3.0-45-generic"/>
    <property name="browser.name" value="firefox"/>
    <property name="java.runtime.name" value="OpenJDK Runtime Environment"/>
    <property name="file.encoding" value="UTF-8"/>
    <property name="java.vm.name" value="OpenJDK 64-Bit Server VM"/>
    <property name="localRepository" value="/home/darek/.m2/repository"/>
    <property name="java.vendor.url.bug" value="https://bugs.launchpad.net/ubuntu/+source/openjdk-lts"/>
    <property name="java.io.tmpdir" value="/tmp"/>
    <property name="java.version" value="11.0.6"/>
    <property name="user.dir" value="/home/darek/IdeaProjects/jobseeker"/>
    <property name="os.arch" value="amd64"/>
    <property name="webdriver.gecko.driver" value="/home/darek/IdeaProjects/jobseeker/src/main/resources/drivers/firefox/geckodriver"/>
    <property name="java.vm.specification.name" value="Java Virtual Machine Specification"/>
    <property name="java.awt.printerjob" value="sun.print.PSPrinterJob"/>
    <property name="sun.os.patch.level" value="unknown"/>
    <property name="headless" value="false"/>
    <property name="environment" value="https://www.linkedin.com"/>
    <property name="java.library.path" value="/usr/java/packages/lib:/usr/lib/x86_64-linux-gnu/jni:/lib/x86_64-linux-gnu:/usr/lib/x86_64-linux-gnu:/usr/lib/jni:/lib:/usr/lib"/>
    <property name="java.vendor" value="Ubuntu"/>
    <property name="java.vm.info" value="mixed mode, sharing"/>
    <property name="java.vm.version" value="11.0.6+10-post-Ubuntu-1ubuntu118.04.1"/>
    <property name="sun.io.unicode.encoding" value="UnicodeLittle"/>
    <property name="java.class.version" value="55.0"/>
    <property name="user" value="d.tulimowski@gmail.com	"/>
  </properties>
  <testcase name="LinkedLogin_02" classname="tests.HomePageTest" time="60.794"/>
</testsuite>